<?xml version="1.0" encoding="UTF-8"?>
<testsuite xmlns:xsi="http://www.w3.org/2001/XMLSchema-instance" xsi:noNamespaceSchemaLocation="https://maven.apache.org/surefire/maven-surefire-plugin/xsd/surefire-test-report.xsd" name="edu.ucr.cs242.UnitTest" time="0.207" tests="4" errors="0" skipped="0" failures="0">
  <properties>
[...]
</properties>
  <testcase name="KeywordToMongo" classname="edu.ucr.cs242.UnitTest" time="0.084"/>
  <testcase name="parseKeyPortion" classname="edu.ucr.cs242.UnitTest" time="0"/>
  <testcase name="readFileLineByLine" classname="edu.ucr.cs242.UnitTest" time="0.004"/>
  <testcase name="parseJsonPortion" classname="edu.ucr.cs242.UnitTest" time="0.001"/>
</testsuite>